{"name": "Тест на оформление заказа залогиненным пользователем", "status": "failed", "statusDetails": {"message": "AssertionError: assert False\n +  where False = is_displayed()\n +    where is_displayed = <selenium.webdriver.remote.webelement.WebElement (session=\"3c9a4ceedcb9fba05553f40ad34fbce6\", element=\"f.0F9282DAA0FF475E14B4D680BC9BBB63.d.9EDB93E10C2381711F02FF659B479F39.e.103\")>.is_displayed\n +      where <selenium.webdriver.remote.webelement.WebElement (session=\"3c9a4ceedcb9fba05553f40ad34fbce6\", element=\"f.0F9282DAA0FF475E14B4D680BC9BBB63.d.9EDB93E10C2381711F02FF659B479F39.e.103\")> = find_window_order()\n +        where find_window_order = <pages.basic_functionality_page.BasicFunctionalityPage object at 0x000001FA942FA6C0>.find_window_order", "trace": "self = <test_basic_functionality.TestBasicFunctionality object at 0x000001FA9421AB30>, driver = <selenium.webdriver.chrome.webdriver.WebDriver (session=\"3c9a4ceedcb9fba05553f40ad34fbce6\")>\n\n    @allure.title(\"Тест на оформление заказа залогиненным пользователем\")\n    def test_create_order(self, driver):\n        # Arrange\n        basic_functionality_page = BasicFunctionalityPage(driver)\n        basic_functionality_page.open()\n        basic_functionality_page.login(Data.EMAIL,Data.PASSWORD)\n        basic_functionality_page.wait_element()\n    \n        # Act\n        basic_functionality_page.execute_move_element()\n        basic_functionality_page.click_on_button_place_order()\n    \n>       assert basic_functionality_page.find_window_order().is_displayed()\nE       assert False\nE        +  where False = is_displayed()\nE        +    where is_displayed = <selenium.webdriver.remote.webelement.WebElement (session=\"3c9a4ceedcb9fba05553f40ad34fbce6\", element=\"f.0F9282DAA0FF475E14B4D680BC9BBB63.d.9EDB93E10C2381711F02FF659B479F39.e.103\")>.is_displayed\nE        +      where <selenium.webdriver.remote.webelement.WebElement (session=\"3c9a4ceedcb9fba05553f40ad34fbce6\", element=\"f.0F9282DAA0FF475E14B4D680BC9BBB63.d.9EDB93E10C2381711F02FF659B479F39.e.103\")> = find_window_order()\nE        +        where find_window_order = <pages.basic_functionality_page.BasicFunctionalityPage object at 0x000001FA942FA6C0>.find_window_order\n\ntests\\test_basic_functionality.py:101: AssertionError"}, "steps": [{"name": "Открытие страницы Авторизации", "status": "passed", "steps": [{"name": "Открытие страницы по url адресу", "status": "passed", "parameters": [{"name": "url", "value": "'https://stellarburgers.nomoreparties.site/login'"}], "start": 1745517995705, "stop": 1745517996165}], "start": 1745517995705, "stop": 1745517996165}, {"name": "Авторизация", "status": "passed", "steps": [{"name": "Поиск элемента и заполнение поля", "status": "passed", "parameters": [{"name": "locator", "value": "('xpath', \"//input[@name='name']\")"}, {"name": "text", "value": "'vlasova_15@gmail.com'"}], "start": 1745517996165, "stop": 1745517996230}, {"name": "Поиск элемента и заполнение поля", "status": "passed", "parameters": [{"name": "locator", "value": "('xpath', \"//input[@name='Пароль']\")"}, {"name": "text", "value": "'qwerty789'"}], "start": 1745517996230, "stop": 1745517996265}, {"name": "Ожидание видимости элемента", "status": "passed", "parameters": [{"name": "locator", "value": "('xpath', \"//button[text()='Войти']\")"}], "start": 1745517996266, "stop": 1745517996277}, {"name": "Принудительный клик на элемент", "status": "passed", "parameters": [{"name": "element", "value": "<selenium.webdriver.remote.webelement.WebElement (session=\"3c9a4ceedcb9fba05553f40ad34fbce6\", element=\"f.0F9282DAA0FF475E14B4D680BC9BBB63.d.9EDB93E10C2381711F02FF659B479F39.e.80\")>"}], "start": 1745517996277, "stop": 1745517996284}], "parameters": [{"name": "email", "value": "'vlasova_15@gmail.com'"}, {"name": "password", "value": "'qwerty789'"}], "start": 1745517996165, "stop": 1745517996284}, {"name": "Ожидание элемента", "status": "passed", "steps": [{"name": "Ожидание видимости элемента", "status": "passed", "parameters": [{"name": "locator", "value": "('xpath', \"//h1[text()='Соберите бургер']\")"}], "start": 1745517996284, "stop": 1745517996801}], "start": 1745517996284, "stop": 1745517996801}, {"name": "Выполнить перетаскивание элемента", "status": "passed", "steps": [{"name": "Передвижение элемента", "status": "passed", "parameters": [{"name": "source_locator", "value": "('xpath', \"//p[text()='Флюоресцентная булка R2-D3']\")"}, {"name": "target_locator", "value": "('xpath', \"//ul[@class='BurgerConstructor_basket__list__l9dp_']\")"}], "start": 1745517996801, "stop": 1745517996820}], "start": 1745517996801, "stop": 1745517996820}, {"name": "Клик по кнопке Оформить заказ", "status": "passed", "steps": [{"name": "Поиск и клик на элемент", "status": "passed", "parameters": [{"name": "locator", "value": "('xpath', \"//button[text()='Оформить заказ']\")"}], "start": 1745517996820, "stop": 1745517996863}], "start": 1745517996820, "stop": 1745517996863}, {"name": "Найти окно заказа", "status": "passed", "steps": [{"name": "Поиск элемента", "status": "passed", "parameters": [{"name": "locator", "value": "('xpath', \"//p[text()='Ваш заказ начали готовить']\")"}], "start": 1745517996863, "stop": 1745517996871}], "start": 1745517996863, "stop": 1745517996871}], "parameters": [{"name": "driver", "value": "'chrome'"}], "start": 1745517995672, "stop": 1745517996875, "uuid": "72a42dcc-96f8-4fc4-a3b9-cfb8e4b02811", "historyId": "b0beb34f8429d177e639192e79bde5f0", "testCaseId": "4b40c543b39ec11cf94989df16b2d4fb", "fullName": "tests.test_basic_functionality.TestBasicFunctionality#test_create_order", "labels": [{"name": "parentSuite", "value": "tests"}, {"name": "suite", "value": "test_basic_functionality"}, {"name": "subSuite", "value": "TestBasicFunctionality"}, {"name": "host", "value": "WIN-81M7B7JCB93"}, {"name": "thread", "value": "17084-MainThread"}, {"name": "framework", "value": "pytest"}, {"name": "language", "value": "cpython3"}, {"name": "package", "value": "tests.test_basic_functionality"}]}