{"name": "Тест - при создании нового заказа счётчик Выполнено за всё время увеличивается»", "status": "broken", "statusDetails": {"message": "selenium.common.exceptions.TimeoutException: Message: \nStacktrace:\n\tGetHandleVerifier [0x00007FF6C3275335+78597]\n\tGetHandleVerifier [0x00007FF6C3275390+78688]\n\t(No symbol) [0x00007FF6C30291AA]\n\t(No symbol) [0x00007FF6C307F149]\n\t(No symbol) [0x00007FF6C307F3FC]\n\t(No symbol) [0x00007FF6C30D2467]\n\t(No symbol) [0x00007FF6C30A712F]\n\t(No symbol) [0x00007FF6C30CF2BB]\n\t(No symbol) [0x00007FF6C30A6EC3]\n\t(No symbol) [0x00007FF6C30703F8]\n\t(No symbol) [0x00007FF6C3071163]\n\tGetHandleVerifier [0x00007FF6C351EEED+2870973]\n\tGetHandleVerifier [0x00007FF6C3519698+2848360]\n\tGetHandleVerifier [0x00007FF6C3536973+2967875]\n\tGetHandleVerifier [0x00007FF6C329017A+188746]\n\tGetHandleVerifier [0x00007FF6C329845F+222255]\n\tGetHandleVerifier [0x00007FF6C327D2B4+111236]\n\tGetHandleVerifier [0x00007FF6C327D462+111666]\n\tGetHandleVerifier [0x00007FF6C3263589+5465]\n\tBaseThreadInitThunk [0x00007FF8151CE8D7+23]\n\tRtlUserThreadStart [0x00007FF8164F14FC+44]", "trace": "self = <test_order_feed.TestOrderFeed object at 0x00000287A67FAE50>, driver = <selenium.webdriver.chrome.webdriver.WebDriver (session=\"6b099bc1a08658c91b30edbee540f163\")>\nuser_data = {'email': 'feliks_1971@example.net', 'password': 'wGXyOhQHjI0Q', 'token': None, 'username': 'Жданова Лора Рудольфовна'}\n\n    @allure.title(\"Тест - при создании нового заказа счётчик Выполнено за всё время увеличивается»\")\n    def test_all_number_order_increase(self, driver, user_data):\n        # Arrange\n        email = user_data['email']\n        password = user_data['password']\n    \n        order_feed_page = OrderFeedPage(driver)\n        order_feed_page.open_login_site()\n        order_feed_page.login(email, password)\n>       order_feed_page.wait_element()\n\ntests\\test_order_feed.py:93: \n_ _ _ _ _ _ _ _ _ _ _ _ _ _ _ _ _ _ _ _ _ _ _ _ _ _ _ _ _ _ _ _ _ _ _ _ _ _ _ _ _ _ _ _ _ _ _ _ _ _ _ _ _ _ _ _ _ _ _ _ _ _ _ _ _ _ _ _ _ _ _ _ _ _ _ _ _ _ _ _ _ _ _ _ _ _ _ _ _ _ _ _\npages\\order_feed_page.py:48: in wait_element\n    return self.wait_to_be_visible(self.locators.ELEMENT)\npages\\base_page.py:36: in wait_to_be_visible\n    return WebDriverWait(self.driver, 10).until(EC.visibility_of_element_located(locator))\n_ _ _ _ _ _ _ _ _ _ _ _ _ _ _ _ _ _ _ _ _ _ _ _ _ _ _ _ _ _ _ _ _ _ _ _ _ _ _ _ _ _ _ _ _ _ _ _ _ _ _ _ _ _ _ _ _ _ _ _ _ _ _ _ _ _ _ _ _ _ _ _ _ _ _ _ _ _ _ _ _ _ _ _ _ _ _ _ _ _ _ _\n\nself = <selenium.webdriver.support.wait.WebDriverWait (session=\"6b099bc1a08658c91b30edbee540f163\")>\nmethod = <function visibility_of_element_located.<locals>._predicate at 0x00000287A7DD9080>, message = ''\n\n    def until(self, method: Callable[[D], Union[Literal[False], T]], message: str = \"\") -> T:\n        \"\"\"Wait until the method returns a value that is not False.\n    \n        Calls the method provided with the driver as an argument until the\n        return value does not evaluate to ``False``.\n    \n        Parameters:\n        ----------\n        method: callable(WebDriver)\n            - A callable object that takes a WebDriver instance as an argument.\n    \n        message: str\n            - Optional message for :exc:`TimeoutException`\n    \n        Return:\n        -------\n        object: T\n            - The result of the last call to `method`\n    \n        Raises:\n        -------\n        TimeoutException\n            - If 'method' does not return a truthy value within the WebDriverWait\n            object's timeout\n    \n        Example:\n        --------\n        >>> from selenium.webdriver.common.by import By\n        >>> from selenium.webdriver.support.ui import WebDriverWait\n        >>> from selenium.webdriver.support import expected_conditions as EC\n    \n        # Wait until an element is visible on the page\n        >>> wait = WebDriverWait(driver, 10)\n        >>> element = wait.until(EC.visibility_of_element_located((By.ID, \"exampleId\")))\n        >>> print(element.text)\n        \"\"\"\n        screen = None\n        stacktrace = None\n    \n        end_time = time.monotonic() + self._timeout\n        while True:\n            try:\n                value = method(self._driver)\n                if value:\n                    return value\n            except self._ignored_exceptions as exc:\n                screen = getattr(exc, \"screen\", None)\n                stacktrace = getattr(exc, \"stacktrace\", None)\n            if time.monotonic() > end_time:\n                break\n            time.sleep(self._poll)\n>       raise TimeoutException(message, screen, stacktrace)\nE       selenium.common.exceptions.TimeoutException: Message: \nE       Stacktrace:\nE       \tGetHandleVerifier [0x00007FF6C3275335+78597]\nE       \tGetHandleVerifier [0x00007FF6C3275390+78688]\nE       \t(No symbol) [0x00007FF6C30291AA]\nE       \t(No symbol) [0x00007FF6C307F149]\nE       \t(No symbol) [0x00007FF6C307F3FC]\nE       \t(No symbol) [0x00007FF6C30D2467]\nE       \t(No symbol) [0x00007FF6C30A712F]\nE       \t(No symbol) [0x00007FF6C30CF2BB]\nE       \t(No symbol) [0x00007FF6C30A6EC3]\nE       \t(No symbol) [0x00007FF6C30703F8]\nE       \t(No symbol) [0x00007FF6C3071163]\nE       \tGetHandleVerifier [0x00007FF6C351EEED+2870973]\nE       \tGetHandleVerifier [0x00007FF6C3519698+2848360]\nE       \tGetHandleVerifier [0x00007FF6C3536973+2967875]\nE       \tGetHandleVerifier [0x00007FF6C329017A+188746]\nE       \tGetHandleVerifier [0x00007FF6C329845F+222255]\nE       \tGetHandleVerifier [0x00007FF6C327D2B4+111236]\nE       \tGetHandleVerifier [0x00007FF6C327D462+111666]\nE       \tGetHandleVerifier [0x00007FF6C3263589+5465]\nE       \tBaseThreadInitThunk [0x00007FF8151CE8D7+23]\nE       \tRtlUserThreadStart [0x00007FF8164F14FC+44]\n\n..\\..\\AppData\\Local\\Programs\\Python\\Python313\\Lib\\site-packages\\selenium\\webdriver\\support\\wait.py:146: TimeoutException"}, "steps": [{"name": "Открытие страницы Авторизации", "status": "passed", "steps": [{"name": "Открытие страницы по url адресу", "status": "passed", "parameters": [{"name": "url", "value": "'https://stellarburgers.nomoreparties.site/login'"}], "start": 1745519418482, "stop": 1745519418913}], "start": 1745519418481, "stop": 1745519418913}, {"name": "Авторизация", "status": "passed", "steps": [{"name": "Поиск элемента и заполнение поля", "status": "passed", "parameters": [{"name": "locator", "value": "('xpath', \"//input[@name='name']\")"}, {"name": "text", "value": "'feliks_1971@example.net'"}], "start": 1745519418913, "stop": 1745519418974}, {"name": "Поиск элемента и заполнение поля", "status": "passed", "parameters": [{"name": "locator", "value": "('xpath', \"//input[@name='Пароль']\")"}, {"name": "text", "value": "'wGXyOhQHjI0Q'"}], "start": 1745519418974, "stop": 1745519419014}, {"name": "Ожидание видимости элемента", "status": "passed", "parameters": [{"name": "locator", "value": "('xpath', \"//button[text()='Войти']\")"}], "start": 1745519419014, "stop": 1745519419025}, {"name": "Принудительный клик на элемент", "status": "passed", "parameters": [{"name": "element", "value": "<selenium.webdriver.remote.webelement.WebElement (session=\"6b099bc1a08658c91b30edbee540f163\", element=\"f.DB2EFB96019CD48D6278FA3F1F37EA5E.d.A4C0ADB308399638CA7B62E4B71C5E6C.e.77\")>"}], "start": 1745519419025, "stop": 1745519419033}], "parameters": [{"name": "email", "value": "'feliks_1971@example.net'"}, {"name": "password", "value": "'wGXyOhQHjI0Q'"}], "start": 1745519418913, "stop": 1745519419033}, {"name": "Ожидание элемента", "status": "broken", "statusDetails": {"message": "selenium.common.exceptions.TimeoutException: Message: \nStacktrace:\n\tGetHandleVerifier [0x00007FF6C3275335+78597]\n\tGetHandleVerifier [0x00007FF6C3275390+78688]\n\t(No symbol) [0x00007FF6C30291AA]\n\t(No symbol) [0x00007FF6C307F149]\n\t(No symbol) [0x00007FF6C307F3FC]\n\t(No symbol) [0x00007FF6C30D2467]\n\t(No symbol) [0x00007FF6C30A712F]\n\t(No symbol) [0x00007FF6C30CF2BB]\n\t(No symbol) [0x00007FF6C30A6EC3]\n\t(No symbol) [0x00007FF6C30703F8]\n\t(No symbol) [0x00007FF6C3071163]\n\tGetHandleVerifier [0x00007FF6C351EEED+2870973]\n\tGetHandleVerifier [0x00007FF6C3519698+2848360]\n\tGetHandleVerifier [0x00007FF6C3536973+2967875]\n\tGetHandleVerifier [0x00007FF6C329017A+188746]\n\tGetHandleVerifier [0x00007FF6C329845F+222255]\n\tGetHandleVerifier [0x00007FF6C327D2B4+111236]\n\tGetHandleVerifier [0x00007FF6C327D462+111666]\n\tGetHandleVerifier [0x00007FF6C3263589+5465]\n\tBaseThreadInitThunk [0x00007FF8151CE8D7+23]\n\tRtlUserThreadStart [0x00007FF8164F14FC+44]\n\n", "trace": "  File \"C:\\Users\\user\\AppData\\Local\\Programs\\Python\\Python313\\Lib\\site-packages\\allure_commons\\_allure.py\", line 192, in impl\n    return func(*a, **kw)\n  File \"C:\\Users\\user\\PycharmProjects\\PythonProject16\\pages\\order_feed_page.py\", line 48, in wait_element\n    return self.wait_to_be_visible(self.locators.ELEMENT)\n           ~~~~~~~~~~~~~~~~~~~~~~~^^^^^^^^^^^^^^^^^^^^^^^\n  File \"C:\\Users\\user\\AppData\\Local\\Programs\\Python\\Python313\\Lib\\site-packages\\allure_commons\\_allure.py\", line 192, in impl\n    return func(*a, **kw)\n  File \"C:\\Users\\user\\PycharmProjects\\PythonProject16\\pages\\base_page.py\", line 36, in wait_to_be_visible\n    return WebDriverWait(self.driver, 10).until(EC.visibility_of_element_located(locator))\n           ~~~~~~~~~~~~~~~~~~~~~~~~~~~~~~~~~~~~^^^^^^^^^^^^^^^^^^^^^^^^^^^^^^^^^^^^^^^^^^^\n  File \"C:\\Users\\user\\AppData\\Local\\Programs\\Python\\Python313\\Lib\\site-packages\\selenium\\webdriver\\support\\wait.py\", line 146, in until\n    raise TimeoutException(message, screen, stacktrace)\n"}, "steps": [{"name": "Ожидание видимости элемента", "status": "broken", "statusDetails": {"message": "selenium.common.exceptions.TimeoutException: Message: \nStacktrace:\n\tGetHandleVerifier [0x00007FF6C3275335+78597]\n\tGetHandleVerifier [0x00007FF6C3275390+78688]\n\t(No symbol) [0x00007FF6C30291AA]\n\t(No symbol) [0x00007FF6C307F149]\n\t(No symbol) [0x00007FF6C307F3FC]\n\t(No symbol) [0x00007FF6C30D2467]\n\t(No symbol) [0x00007FF6C30A712F]\n\t(No symbol) [0x00007FF6C30CF2BB]\n\t(No symbol) [0x00007FF6C30A6EC3]\n\t(No symbol) [0x00007FF6C30703F8]\n\t(No symbol) [0x00007FF6C3071163]\n\tGetHandleVerifier [0x00007FF6C351EEED+2870973]\n\tGetHandleVerifier [0x00007FF6C3519698+2848360]\n\tGetHandleVerifier [0x00007FF6C3536973+2967875]\n\tGetHandleVerifier [0x00007FF6C329017A+188746]\n\tGetHandleVerifier [0x00007FF6C329845F+222255]\n\tGetHandleVerifier [0x00007FF6C327D2B4+111236]\n\tGetHandleVerifier [0x00007FF6C327D462+111666]\n\tGetHandleVerifier [0x00007FF6C3263589+5465]\n\tBaseThreadInitThunk [0x00007FF8151CE8D7+23]\n\tRtlUserThreadStart [0x00007FF8164F14FC+44]\n\n", "trace": "  File \"C:\\Users\\user\\AppData\\Local\\Programs\\Python\\Python313\\Lib\\site-packages\\allure_commons\\_allure.py\", line 192, in impl\n    return func(*a, **kw)\n  File \"C:\\Users\\user\\PycharmProjects\\PythonProject16\\pages\\base_page.py\", line 36, in wait_to_be_visible\n    return WebDriverWait(self.driver, 10).until(EC.visibility_of_element_located(locator))\n           ~~~~~~~~~~~~~~~~~~~~~~~~~~~~~~~~~~~~^^^^^^^^^^^^^^^^^^^^^^^^^^^^^^^^^^^^^^^^^^^\n  File \"C:\\Users\\user\\AppData\\Local\\Programs\\Python\\Python313\\Lib\\site-packages\\selenium\\webdriver\\support\\wait.py\", line 146, in until\n    raise TimeoutException(message, screen, stacktrace)\n"}, "parameters": [{"name": "locator", "value": "('xpath', \"//h1[text()='Соберите бургер']\")"}], "start": 1745519419033, "stop": 1745519429152}], "start": 1745519419033, "stop": 1745519429152}], "parameters": [{"name": "driver", "value": "'chrome'"}], "start": 1745519418448, "stop": 1745519429153, "uuid": "06dc2fc2-7c07-43d2-bfd5-749550313d53", "historyId": "1bd5007f27cd06a22e530a23a31522fc", "testCaseId": "dc4d14d8d74eead26578f0c29a4d254d", "fullName": "tests.test_order_feed.TestOrderFeed#test_all_number_order_increase", "labels": [{"name": "parentSuite", "value": "tests"}, {"name": "suite", "value": "test_order_feed"}, {"name": "subSuite", "value": "TestOrderFeed"}, {"name": "host", "value": "WIN-81M7B7JCB93"}, {"name": "thread", "value": "17068-MainThread"}, {"name": "framework", "value": "pytest"}, {"name": "language", "value": "cpython3"}, {"name": "package", "value": "tests.test_order_feed"}]}