{"name": "Тест - после оформления заказа его номер появляется в разделе В работе»", "status": "broken", "statusDetails": {"message": "selenium.common.exceptions.ElementClickInterceptedException: Message: Element <p class=\"AppHeader_header__linkText__3q_va ml-2\"> is not clickable at point (619,44) because another element <div class=\"Modal_modal_overlay__x2ZCr\"> obscures it\nStacktrace:\nRemoteError@chrome://remote/content/shared/RemoteError.sys.mjs:8:8\nWebDriverError@chrome://remote/content/shared/webdriver/Errors.sys.mjs:199:5\nElementClickInterceptedError@chrome://remote/content/shared/webdriver/Errors.sys.mjs:351:5\nwebdriverClickElement@chrome://remote/content/marionette/interaction.sys.mjs:177:11\ninteraction.clickElement@chrome://remote/content/marionette/interaction.sys.mjs:136:11\nclickElement@chrome://remote/content/marionette/actors/MarionetteCommandsChild.sys.mjs:354:29\nreceiveMessage@chrome://remote/content/marionette/actors/MarionetteCommandsChild.sys.mjs:230:31", "trace": "self = <test_order_feed.TestOrderFeed object at 0x000001FA9430F410>, driver = <selenium.webdriver.firefox.webdriver.WebDriver (session=\"73eebe24-0733-4829-a785-c2be7ada7695\")>\nuser_data = {'email': 'makarovanonna@example.net', 'password': 'Fi7aqIDlnFPd', 'token': 'Bearer eyJhbGciOiJIUzI1NiIsInR5cCI6IkpXVC...4NSwiZXhwIjoxNzQ1NTE5Mjg1fQ.V42WWFEAVWLOTD23jsFpxqvHyjrzq_KRt8yGLA-OwUY', 'username': 'Громова Вероника Александровна'}\n\n    @allure.title(\"Тест - после оформления заказа его номер появляется в разделе В работе»\")\n    def test_number_order_is_in_work(self, driver, user_data):\n        # Arrange\n        email = user_data['email']\n        password = user_data['password']\n    \n        order_feed_page = OrderFeedPage(driver)\n        order_feed_page.open_login_site()\n        order_feed_page.login(email, password)\n        order_feed_page.wait_element()\n    \n        # Act\n        order_feed_page.execute_move_element()\n        order_feed_page.click_on_button_place_order()\n        order_feed_page.wait_visibility_element_cross()\n    \n        order_feed_page.find_number_order()\n        order_feed_page.click_on_cross_in_order_window()\n        order_feed_page.wait_element()\n>       order_feed_page.click_on_feed_button()\n\ntests\\test_order_feed.py:77: \n_ _ _ _ _ _ _ _ _ _ _ _ _ _ _ _ _ _ _ _ _ _ _ _ _ _ _ _ _ _ _ _ _ _ _ _ _ _ _ _ _ _ _ _ _ _ _ _ _ _ _ _ _ _ _ _ _ _ _ _ _ _ _ _ _ _ _ _ _ _ _ _ _ _ _ _ _ _ _ _ _ _ _ _ _ _ _ _ _ _ _ _ _ _ _ _ _ _ _ _ _ _ _ _ _ _ _ _ _ _ _ _ _ _\npages\\order_feed_page.py:113: in click_on_feed_button\n    return self.click_on_element(self.locators.ORDER_FEED)\npages\\base_page.py:28: in click_on_element\n    self.driver.find_element(*locator).click()\n..\\..\\AppData\\Local\\Programs\\Python\\Python313\\Lib\\site-packages\\selenium\\webdriver\\remote\\webelement.py:119: in click\n    self._execute(Command.CLICK_ELEMENT)\n..\\..\\AppData\\Local\\Programs\\Python\\Python313\\Lib\\site-packages\\selenium\\webdriver\\remote\\webelement.py:570: in _execute\n    return self._parent.execute(command, params)\n..\\..\\AppData\\Local\\Programs\\Python\\Python313\\Lib\\site-packages\\selenium\\webdriver\\remote\\webdriver.py:429: in execute\n    self.error_handler.check_response(response)\n_ _ _ _ _ _ _ _ _ _ _ _ _ _ _ _ _ _ _ _ _ _ _ _ _ _ _ _ _ _ _ _ _ _ _ _ _ _ _ _ _ _ _ _ _ _ _ _ _ _ _ _ _ _ _ _ _ _ _ _ _ _ _ _ _ _ _ _ _ _ _ _ _ _ _ _ _ _ _ _ _ _ _ _ _ _ _ _ _ _ _ _ _ _ _ _ _ _ _ _ _ _ _ _ _ _ _ _ _ _ _ _ _ _\n\nself = <selenium.webdriver.remote.errorhandler.ErrorHandler object at 0x000001FA94395E50>\nresponse = {'status': 400, 'value': '{\"value\":{\"error\":\"element click intercepted\",\"message\":\"Element <p class=\\\\\"AppHeader_heade...=\\\\\"AppHeader_header__linkText__3q_va ml-2\\\\\">\",\"overlayingElement\":\"<div class=\\\\\"Modal_modal_overlay__x2ZCr\\\\\">\"}}}'}\n\n    def check_response(self, response: Dict[str, Any]) -> None:\n        \"\"\"Checks that a JSON response from the WebDriver does not have an\n        error.\n    \n        :Args:\n         - response - The JSON response from the WebDriver server as a dictionary\n           object.\n    \n        :Raises: If the response contains an error message.\n        \"\"\"\n        status = response.get(\"status\", None)\n        if not status or status == ErrorCode.SUCCESS:\n            return\n        value = None\n        message = response.get(\"message\", \"\")\n        screen: str = response.get(\"screen\", \"\")\n        stacktrace = None\n        if isinstance(status, int):\n            value_json = response.get(\"value\", None)\n            if value_json and isinstance(value_json, str):\n                import json\n    \n                try:\n                    value = json.loads(value_json)\n                    if len(value) == 1:\n                        value = value[\"value\"]\n                    status = value.get(\"error\", None)\n                    if not status:\n                        status = value.get(\"status\", ErrorCode.UNKNOWN_ERROR)\n                        message = value.get(\"value\") or value.get(\"message\")\n                        if not isinstance(message, str):\n                            value = message\n                            message = message.get(\"message\")\n                    else:\n                        message = value.get(\"message\", None)\n                except ValueError:\n                    pass\n    \n        exception_class: Type[WebDriverException]\n        e = ErrorCode()\n        error_codes = [item for item in dir(e) if not item.startswith(\"__\")]\n        for error_code in error_codes:\n            error_info = getattr(ErrorCode, error_code)\n            if isinstance(error_info, list) and status in error_info:\n                exception_class = getattr(ExceptionMapping, error_code, WebDriverException)\n                break\n        else:\n            exception_class = WebDriverException\n    \n        if not value:\n            value = response[\"value\"]\n        if isinstance(value, str):\n            raise exception_class(value)\n        if message == \"\" and \"message\" in value:\n            message = value[\"message\"]\n    \n        screen = None  # type: ignore[assignment]\n        if \"screen\" in value:\n            screen = value[\"screen\"]\n    \n        stacktrace = None\n        st_value = value.get(\"stackTrace\") or value.get(\"stacktrace\")\n        if st_value:\n            if isinstance(st_value, str):\n                stacktrace = st_value.split(\"\\n\")\n            else:\n                stacktrace = []\n                try:\n                    for frame in st_value:\n                        line = frame.get(\"lineNumber\", \"\")\n                        file = frame.get(\"fileName\", \"<anonymous>\")\n                        if line:\n                            file = f\"{file}:{line}\"\n                        meth = frame.get(\"methodName\", \"<anonymous>\")\n                        if \"className\" in frame:\n                            meth = f\"{frame['className']}.{meth}\"\n                        msg = \"    at %s (%s)\"\n                        msg = msg % (meth, file)\n                        stacktrace.append(msg)\n                except TypeError:\n                    pass\n        if exception_class == UnexpectedAlertPresentException:\n            alert_text = None\n            if \"data\" in value:\n                alert_text = value[\"data\"].get(\"text\")\n            elif \"alert\" in value:\n                alert_text = value[\"alert\"].get(\"text\")\n            raise exception_class(message, screen, stacktrace, alert_text)  # type: ignore[call-arg]  # mypy is not smart enough here\n>       raise exception_class(message, screen, stacktrace)\nE       selenium.common.exceptions.ElementClickInterceptedException: Message: Element <p class=\"AppHeader_header__linkText__3q_va ml-2\"> is not clickable at point (619,44) because another element <div class=\"Modal_modal_overlay__x2ZCr\"> obscures it\nE       Stacktrace:\nE       RemoteError@chrome://remote/content/shared/RemoteError.sys.mjs:8:8\nE       WebDriverError@chrome://remote/content/shared/webdriver/Errors.sys.mjs:199:5\nE       ElementClickInterceptedError@chrome://remote/content/shared/webdriver/Errors.sys.mjs:351:5\nE       webdriverClickElement@chrome://remote/content/marionette/interaction.sys.mjs:177:11\nE       interaction.clickElement@chrome://remote/content/marionette/interaction.sys.mjs:136:11\nE       clickElement@chrome://remote/content/marionette/actors/MarionetteCommandsChild.sys.mjs:354:29\nE       receiveMessage@chrome://remote/content/marionette/actors/MarionetteCommandsChild.sys.mjs:230:31\n\n..\\..\\AppData\\Local\\Programs\\Python\\Python313\\Lib\\site-packages\\selenium\\webdriver\\remote\\errorhandler.py:232: ElementClickInterceptedException"}, "steps": [{"name": "Открытие страницы Авторизации", "status": "passed", "steps": [{"name": "Открытие страницы по url адресу", "status": "passed", "parameters": [{"name": "url", "value": "'https://stellarburgers.nomoreparties.site/login'"}], "start": 1745518085327, "stop": 1745518085776}], "start": 1745518085327, "stop": 1745518085776}, {"name": "Авторизация", "status": "passed", "steps": [{"name": "Поиск элемента и заполнение поля", "status": "passed", "parameters": [{"name": "locator", "value": "('xpath', \"//input[@name='name']\")"}, {"name": "text", "value": "'makarovanonna@example.net'"}], "start": 1745518085776, "stop": 1745518085838}, {"name": "Поиск элемента и заполнение поля", "status": "passed", "parameters": [{"name": "locator", "value": "('xpath', \"//input[@name='Пароль']\")"}, {"name": "text", "value": "'Fi7aqIDlnFPd'"}], "start": 1745518085838, "stop": 1745518085855}, {"name": "Ожидание видимости элемента", "status": "passed", "parameters": [{"name": "locator", "value": "('xpath', \"//button[text()='Войти']\")"}], "start": 1745518085855, "stop": 1745518085865}, {"name": "Принудительный клик на элемент", "status": "passed", "parameters": [{"name": "element", "value": "<selenium.webdriver.remote.webelement.WebElement (session=\"73eebe24-0733-4829-a785-c2be7ada7695\", element=\"c09d0ad3-280d-4d04-b58a-aa8387b881c7\")>"}], "start": 1745518085866, "stop": 1745518085875}], "parameters": [{"name": "email", "value": "'makarovanonna@example.net'"}, {"name": "password", "value": "'Fi7aqIDlnFPd'"}], "start": 1745518085776, "stop": 1745518085875}, {"name": "Ожидание элемента", "status": "passed", "steps": [{"name": "Ожидание видимости элемента", "status": "passed", "parameters": [{"name": "locator", "value": "('xpath', \"//h1[text()='Соберите бургер']\")"}], "start": 1745518085876, "stop": 1745518086396}], "start": 1745518085875, "stop": 1745518086396}, {"name": "Выполнить перетаскивание элемента", "status": "passed", "steps": [{"name": "Передвижение элемента", "status": "passed", "parameters": [{"name": "source_locator", "value": "('xpath', \"//p[text()='Флюоресцентная булка R2-D3']\")"}, {"name": "target_locator", "value": "('xpath', \"//ul[@class='BurgerConstructor_basket__list__l9dp_']\")"}], "start": 1745518086396, "stop": 1745518086404}], "start": 1745518086396, "stop": 1745518086404}, {"name": "Клик по кнопке Оформить заказ", "status": "passed", "steps": [{"name": "Поиск и клик на элемент", "status": "passed", "parameters": [{"name": "locator", "value": "('xpath', \"//button[text()='Оформить заказ']\")"}], "start": 1745518086404, "stop": 1745518086617}], "start": 1745518086404, "stop": 1745518086617}, {"name": "Ожидание элемента", "status": "passed", "steps": [{"name": "Ожидание когда текст в элементе будет виден", "status": "passed", "parameters": [{"name": "locator", "value": "('xpath', \"//h2[@class='Modal_modal__title_shadow__3ikwq Modal_modal__title__2L34m text text_type_digits-large mb-8']\")"}, {"name": "text", "value": "'21'"}], "start": 1745518086617, "stop": 1745518089662}], "start": 1745518086617, "stop": 1745518089662}, {"name": "Найти номер заказа в окне оформления заказа", "status": "passed", "steps": [{"name": "Поиск элемента", "status": "passed", "parameters": [{"name": "locator", "value": "('xpath', \"//h2[@class='Modal_modal__title_shadow__3ikwq Modal_modal__title__2L34m text text_type_digits-large mb-8']\")"}], "start": 1745518089662, "stop": 1745518089664}], "start": 1745518089662, "stop": 1745518089664}, {"name": "Закрытие окна оформления заказа по клику на крестик", "status": "passed", "steps": [{"name": "Поиск и клик на элемент", "status": "passed", "parameters": [{"name": "locator", "value": "('xpath', \"//button[@class='Modal_modal__close_modified__3V5XS Modal_modal__close__TnseK']\")"}], "start": 1745518089664, "stop": 1745518089878}], "start": 1745518089664, "stop": 1745518089878}, {"name": "Ожидание элемента", "status": "passed", "steps": [{"name": "Ожидание видимости элемента", "status": "passed", "parameters": [{"name": "locator", "value": "('xpath', \"//h1[text()='Соберите бургер']\")"}], "start": 1745518089878, "stop": 1745518089884}], "start": 1745518089878, "stop": 1745518089884}, {"name": "Клик по кнопке Лента заказов", "status": "broken", "statusDetails": {"message": "selenium.common.exceptions.ElementClickInterceptedException: Message: Element <p class=\"AppHeader_header__linkText__3q_va ml-2\"> is not clickable at point (619,44) because another element <div class=\"Modal_modal_overlay__x2ZCr\"> obscures it\nStacktrace:\nRemoteError@chrome://remote/content/shared/RemoteError.sys.mjs:8:8\nWebDriverError@chrome://remote/content/shared/webdriver/Errors.sys.mjs:199:5\nElementClickInterceptedError@chrome://remote/content/shared/webdriver/Errors.sys.mjs:351:5\nwebdriverClickElement@chrome://remote/content/marionette/interaction.sys.mjs:177:11\ninteraction.clickElement@chrome://remote/content/marionette/interaction.sys.mjs:136:11\nclickElement@chrome://remote/content/marionette/actors/MarionetteCommandsChild.sys.mjs:354:29\nreceiveMessage@chrome://remote/content/marionette/actors/MarionetteCommandsChild.sys.mjs:230:31\n\n", "trace": "  File \"C:\\Users\\user\\AppData\\Local\\Programs\\Python\\Python313\\Lib\\site-packages\\allure_commons\\_allure.py\", line 192, in impl\n    return func(*a, **kw)\n  File \"C:\\Users\\user\\PycharmProjects\\PythonProject16\\pages\\order_feed_page.py\", line 113, in click_on_feed_button\n    return self.click_on_element(self.locators.ORDER_FEED)\n           ~~~~~~~~~~~~~~~~~~~~~^^^^^^^^^^^^^^^^^^^^^^^^^^\n  File \"C:\\Users\\user\\AppData\\Local\\Programs\\Python\\Python313\\Lib\\site-packages\\allure_commons\\_allure.py\", line 192, in impl\n    return func(*a, **kw)\n  File \"C:\\Users\\user\\PycharmProjects\\PythonProject16\\pages\\base_page.py\", line 28, in click_on_element\n    self.driver.find_element(*locator).click()\n    ~~~~~~~~~~~~~~~~~~~~~~~~~~~~~~~~~~~~~~~~^^\n  File \"C:\\Users\\user\\AppData\\Local\\Programs\\Python\\Python313\\Lib\\site-packages\\selenium\\webdriver\\remote\\webelement.py\", line 119, in click\n    self._execute(Command.CLICK_ELEMENT)\n    ~~~~~~~~~~~~~^^^^^^^^^^^^^^^^^^^^^^^\n  File \"C:\\Users\\user\\AppData\\Local\\Programs\\Python\\Python313\\Lib\\site-packages\\selenium\\webdriver\\remote\\webelement.py\", line 570, in _execute\n    return self._parent.execute(command, params)\n           ~~~~~~~~~~~~~~~~~~~~^^^^^^^^^^^^^^^^^\n  File \"C:\\Users\\user\\AppData\\Local\\Programs\\Python\\Python313\\Lib\\site-packages\\selenium\\webdriver\\remote\\webdriver.py\", line 429, in execute\n    self.error_handler.check_response(response)\n    ~~~~~~~~~~~~~~~~~~~~~~~~~~~~~~~~~^^^^^^^^^^\n  File \"C:\\Users\\user\\AppData\\Local\\Programs\\Python\\Python313\\Lib\\site-packages\\selenium\\webdriver\\remote\\errorhandler.py\", line 232, in check_response\n    raise exception_class(message, screen, stacktrace)\n"}, "steps": [{"name": "Поиск и клик на элемент", "status": "broken", "statusDetails": {"message": "selenium.common.exceptions.ElementClickInterceptedException: Message: Element <p class=\"AppHeader_header__linkText__3q_va ml-2\"> is not clickable at point (619,44) because another element <div class=\"Modal_modal_overlay__x2ZCr\"> obscures it\nStacktrace:\nRemoteError@chrome://remote/content/shared/RemoteError.sys.mjs:8:8\nWebDriverError@chrome://remote/content/shared/webdriver/Errors.sys.mjs:199:5\nElementClickInterceptedError@chrome://remote/content/shared/webdriver/Errors.sys.mjs:351:5\nwebdriverClickElement@chrome://remote/content/marionette/interaction.sys.mjs:177:11\ninteraction.clickElement@chrome://remote/content/marionette/interaction.sys.mjs:136:11\nclickElement@chrome://remote/content/marionette/actors/MarionetteCommandsChild.sys.mjs:354:29\nreceiveMessage@chrome://remote/content/marionette/actors/MarionetteCommandsChild.sys.mjs:230:31\n\n", "trace": "  File \"C:\\Users\\user\\AppData\\Local\\Programs\\Python\\Python313\\Lib\\site-packages\\allure_commons\\_allure.py\", line 192, in impl\n    return func(*a, **kw)\n  File \"C:\\Users\\user\\PycharmProjects\\PythonProject16\\pages\\base_page.py\", line 28, in click_on_element\n    self.driver.find_element(*locator).click()\n    ~~~~~~~~~~~~~~~~~~~~~~~~~~~~~~~~~~~~~~~~^^\n  File \"C:\\Users\\user\\AppData\\Local\\Programs\\Python\\Python313\\Lib\\site-packages\\selenium\\webdriver\\remote\\webelement.py\", line 119, in click\n    self._execute(Command.CLICK_ELEMENT)\n    ~~~~~~~~~~~~~^^^^^^^^^^^^^^^^^^^^^^^\n  File \"C:\\Users\\user\\AppData\\Local\\Programs\\Python\\Python313\\Lib\\site-packages\\selenium\\webdriver\\remote\\webelement.py\", line 570, in _execute\n    return self._parent.execute(command, params)\n           ~~~~~~~~~~~~~~~~~~~~^^^^^^^^^^^^^^^^^\n  File \"C:\\Users\\user\\AppData\\Local\\Programs\\Python\\Python313\\Lib\\site-packages\\selenium\\webdriver\\remote\\webdriver.py\", line 429, in execute\n    self.error_handler.check_response(response)\n    ~~~~~~~~~~~~~~~~~~~~~~~~~~~~~~~~~^^^^^^^^^^\n  File \"C:\\Users\\user\\AppData\\Local\\Programs\\Python\\Python313\\Lib\\site-packages\\selenium\\webdriver\\remote\\errorhandler.py\", line 232, in check_response\n    raise exception_class(message, screen, stacktrace)\n"}, "parameters": [{"name": "locator", "value": "('xpath', \"//p[text()='Лента Заказов']\")"}], "start": 1745518089884, "stop": 1745518089888}], "start": 1745518089884, "stop": 1745518089897}], "parameters": [{"name": "driver", "value": "'firefox'"}], "start": 1745518085061, "stop": 1745518089898, "uuid": "64ec01d1-6639-4310-a29d-535248078f70", "historyId": "d393ebba3ced395ddddd13007866e797", "testCaseId": "1ddfbb64c34bc7aee17e84419eb1fd4a", "fullName": "tests.test_order_feed.TestOrderFeed#test_number_order_is_in_work", "labels": [{"name": "parentSuite", "value": "tests"}, {"name": "suite", "value": "test_order_feed"}, {"name": "subSuite", "value": "TestOrderFeed"}, {"name": "host", "value": "WIN-81M7B7JCB93"}, {"name": "thread", "value": "17084-MainThread"}, {"name": "framework", "value": "pytest"}, {"name": "language", "value": "cpython3"}, {"name": "package", "value": "tests.test_order_feed"}]}